<?xml version="1.0" encoding="UTF-8"?>
<!-- Generated by org.testng.reporters.JUnitReportReporter -->
<testsuite skipped="0" hostname="Pradeep_Computer" name="runner.Runner" tests="1" failures="0" timestamp="2022-06-22T16:57:42 IST" time="16.273" errors="0">
  <testcase name="runScenario" time="16.273" classname="runner.Runner"/>
  <system-out/>
</testsuite> <!-- runner.Runner -->
